<?xml version="1.0" encoding="UTF-8"?>
<!-- Generated by org.testng.reporters.JUnitReportReporter -->
<testsuite hostname="PNQ1-LPHLQ87G3" failures="0" tests="1" name="com.itlearn.testcases.TestCaseDemo" time="0.008" errors="0" timestamp="2024-02-27T15:37:21 IST" skipped="0">
  <testcase classname="com.itlearn.testcases.TestCaseDemo" name="testcheck" time="0.008"/>
  <system-out/>
</testsuite> <!-- com.itlearn.testcases.TestCaseDemo -->
