<?xml version="1.0" encoding="UTF-8"?>
<!-- Generated by org.testng.reporters.JUnitReportReporter -->
<testsuite hostname="PNQ1-LPHLQ87G3" failures="0" tests="1" name="com.itlearn.testcases.SearchTestcase" time="15.281" errors="0" timestamp="2024-02-27T20:44:29 IST" skipped="0">
  <testcase classname="com.itlearn.testcases.SearchTestcase" name="searchCourseTest" time="15.281"/>
  <system-out/>
</testsuite> <!-- com.itlearn.testcases.SearchTestcase -->
