<?xml version="1.0" encoding="UTF-8"?>
<!-- Generated by org.testng.reporters.JUnitReportReporter -->
<testsuite hostname="PNQ1-LPHLQ87G3" failures="0" tests="1" name="com.itlearn.testcases.DashBoardTestcase" time="44.547" errors="0" timestamp="2024-02-28T16:52:39 IST" skipped="0">
  <testcase classname="com.itlearn.testcases.DashBoardTestcase" name="DashBoardTestcase" time="44.547"/>
  <system-out/>
</testsuite> <!-- com.itlearn.testcases.DashBoardTestcase -->
